<?xml version="1.0" encoding="UTF-8"?>
<!-- Generated by org.testng.reporters.JUnitXMLReporter -->
<testsuite ignored="0" hostname="LAPTOP-HEOSD9H3" failures="1" tests="3" name="Test" time="93.774" errors="0" timestamp="2025-07-18T19:17:02 IST">
  <testcase classname="testCases.TC001_AccountRegistrationTest" name="verify_account_registration" time="9.956"/>
  <testcase classname="testCases.TC002_LoginTest" name="verify_login" time="6.438"/>
  <testcase classname="testCases.TC003_ChangePasswordTest" name="verify_changePassword" time="25.964">
    <failure type="java.lang.AssertionError" message="Test failed due to exception: Expected condition failed: waiting for element to be clickable: Proxy element for: DefaultElementLocator &amp;apos;By.xpath: //div[@class=&amp;apos;panel header&amp;apos;]//button[@type=&amp;apos;button&amp;apos;]&amp;apos; (tried for 10 second(s) with 500 milliseconds interval)">
      <![CDATA[java.lang.AssertionError: Test failed due to exception: Expected condition failed: waiting for element to be clickable: Proxy element for: DefaultElementLocator 'By.xpath: //div[@class='panel header']//button[@type='button']' (tried for 10 second(s) with 500 milliseconds interval)
at testCases.TC003_ChangePasswordTest.verify_changePassword(TC003_ChangePasswordTest.java:69)
at java.base/java.util.ArrayList.forEach(ArrayList.java:1511)
... Removed 28 stack frames]]>
    </failure>
  </testcase> <!-- verify_changePassword -->
</testsuite> <!-- Test -->
